
Showing logs for build [32mcb-kubecd-environment-pr-191-17-dkrsl-1[0m stage [32mfrom-build-pack[0m and container [32mstep-credential-initializer-c4lht[0m
{"level":"warn","ts":1585579999.1047208,"logger":"fallback-logger","caller":"logging/config.go:69","msg":"Fetch GitHub commit ID from kodata failed: \"ref: refs/heads/0.8.0-**-support-backwards-incompats\" is not a valid GitHub commit ID"}
{"level":"info","ts":1585579999.1059027,"logger":"fallback-logger","caller":"creds-init/main.go:40","msg":"Credentials initialized."}

Showing logs for build [32mcb-kubecd-environment-pr-191-17-dkrsl-1[0m stage [32mfrom-build-pack[0m and container [32mstep-working-dir-initializer-g7kkn[0m
{"level":"warn","ts":1585579999.6056876,"logger":"fallback-logger","caller":"logging/config.go:69","msg":"Fetch GitHub commit ID from kodata failed: open /var/run/ko/HEAD: no such file or directory"}
{"level":"info","ts":1585579999.6081645,"logger":"fallback-logger","caller":"bash/main.go:64","msg":"Successfully executed command \"sh -c mkdir -p /workspace/source\"; output "}

Showing logs for build [32mcb-kubecd-environment-pr-191-17-dkrsl-1[0m stage [32mfrom-build-pack[0m and container [32mstep-place-tools[0m

Showing logs for build [32mcb-kubecd-environment-pr-191-17-dkrsl-1[0m stage [32mfrom-build-pack[0m and container [32mstep-git-source-cb-kubecd-environment-pr-191-17-dkrsl-qtxtq[0m
{"level":"warn","ts":1585580003.7399635,"logger":"fallback-logger","caller":"logging/config.go:69","msg":"Fetch GitHub commit ID from kodata failed: \"ref: refs/heads/0.8.0-**-support-backwards-incompats\" is not a valid GitHub commit ID"}
{"level":"info","ts":1585580004.869948,"logger":"fallback-logger","caller":"git/git.go:103","msg":"Successfully cloned https://github.com/cb-kubecd/environment-pr-191-170-boot-vault-gke-production.git @ master in path /workspace/source"}

Showing logs for build [32mcb-kubecd-environment-pr-191-17-dkrsl-1[0m stage [32mfrom-build-pack[0m and container [32mstep-git-merge[0m
Using SHAs from PULL_REFS=master:d4994e2bae97a9d91eea6a1b085bcb579a73e04d,1:39735d36b737bf8c25191e2f4a0d718532e68e7f
DEBUG: LC_ALL=C JX_LOG_LEVEL=error git fetch origin --unshallow 39735d36b737bf8c25191e2f4a0d718532e68e7f: d4994e2bae97a9d91eea6a1b085bcb579a73e04d:
DEBUG: ran git fetch --unshallow origin 39735d36b737bf8c25191e2f4a0d718532e68e7f: d4994e2bae97a9d91eea6a1b085bcb579a73e04d: in 
DEBUG: LC_ALL=C JX_LOG_LEVEL=error git branch
DEBUG: LC_ALL=C JX_LOG_LEVEL=error git checkout master
DEBUG: ran git checkout master in 
DEBUG: LC_ALL=C JX_LOG_LEVEL=error git reset --hard d4994e2bae97a9d91eea6a1b085bcb579a73e04d
DEBUG: ran git reset --hard d4994e2bae97a9d91eea6a1b085bcb579a73e04d in 
DEBUG: LC_ALL=C JX_LOG_LEVEL=error git clean -fd .
DEBUG: ran clean --force -d . in 
DEBUG: LC_ALL=C JX_LOG_LEVEL=error git merge 39735d36b737bf8c25191e2f4a0d718532e68e7f
DEBUG: ran git merge 39735d36b737bf8c25191e2f4a0d718532e68e7f in 
DEBUG: LC_ALL=C JX_LOG_LEVEL=error git log --format=%H%x1f%an%x1f%ae%x1f%cn%x1f%ce%x1f%s%n%b%x1e d4994e2bae97a9d91eea6a1b085bcb579a73e04d..HEAD
Merged SHA 39735d36b737bf8c25191e2f4a0d718532e68e7f with commit message 'chore: Promote bdd-spring-1585578770 to version 0.0.1' into base branch master

Showing logs for build [32mcb-kubecd-environment-pr-191-17-dkrsl-1[0m stage [32mfrom-build-pack[0m and container [32mstep-build-helm-build[0m
WARNING: No $CHART_REPOSITORY defined so using the default value of: http://jenkins-x-chartmuseum:8080
Adding missing Helm repo: storage.googleapis.com https://storage.googleapis.com/chartmuseum.jenkins-x.io
WARNING: No secrets found on "helm/repos" due: reading the secret "helm/repos" from vault: no secret "helm/repos" not found in vault
Read credentials for https://storage.googleapis.com/chartmuseum.jenkins-x.io from vault helm/repos
Successfully added Helm repository storage.googleapis.com.
Adding missing Helm repo: jenkins-x-chartmuseum http://jenkins-x-chartmuseum:8080
WARNING: No secrets found on "helm/repos" due: reading the secret "helm/repos" from vault: no secret "helm/repos" not found in vault
Read credentials for http://jenkins-x-chartmuseum:8080 from vault helm/repos
Successfully added Helm repository jenkins-x-chartmuseum.
WARNING: No $CHART_REPOSITORY defined so using the default value of: http://jenkins-x-chartmuseum:8080
Adding missing Helm repo: chartmuseum.jenkins-x.io http://chartmuseum.jenkins-x.io
WARNING: No secrets found on "helm/repos" due: reading the secret "helm/repos" from vault: no secret "helm/repos" not found in vault
Read credentials for http://chartmuseum.jenkins-x.io from vault helm/repos
Successfully added Helm repository chartmuseum.jenkins-x.io.
